2024-07-12 10:35:19 [::1][-][-][error][yii\base\InvalidConfigException] yii\base\InvalidConfigException: yii\web\Request::cookieValidationKey must be configured with a secret key. in C:\xampp\htdocs\basic\vendor\yiisoft\yii2\web\Request.php:1728
Stack trace:
#0 C:\xampp\htdocs\basic\vendor\yiisoft\yii2\web\Request.php(1710): yii\web\Request->loadCookies()
#1 C:\xampp\htdocs\basic\vendor\yiisoft\yii2\web\User.php(594): yii\web\Request->getCookies()
#2 C:\xampp\htdocs\basic\vendor\yiisoft\yii2\web\User.php(321): yii\web\User->getIdentityAndDurationFromCookie()
#3 C:\xampp\htdocs\basic\vendor\yiisoft\yii2\web\User.php(728): yii\web\User->loginByCookie()
#4 C:\xampp\htdocs\basic\vendor\yiisoft\yii2\web\User.php(199): yii\web\User->renewAuthStatus()
#5 C:\xampp\htdocs\basic\vendor\yiisoft\yii2\web\User.php(367): yii\web\User->getIdentity()
#6 C:\xampp\htdocs\basic\vendor\yiisoft\yii2\base\Component.php(139): yii\web\User->getIsGuest()
#7 C:\xampp\htdocs\basic\vendor\yiisoft\yii2-debug\src\panels\UserPanel.php(83): yii\base\Component->__get('isGuest')
#8 C:\xampp\htdocs\basic\vendor\yiisoft\yii2\base\BaseObject.php(109): yii\debug\panels\UserPanel->init()
#9 [internal function]: yii\base\BaseObject->__construct(Array)
#10 C:\xampp\htdocs\basic\vendor\yiisoft\yii2\di\Container.php(419): ReflectionClass->newInstanceArgs(Array)
#11 C:\xampp\htdocs\basic\vendor\yiisoft\yii2\di\Container.php(170): yii\di\Container->build('yii\\debug\\panel...', Array, Array)
#12 C:\xampp\htdocs\basic\vendor\yiisoft\yii2\BaseYii.php(365): yii\di\Container->get('yii\\debug\\panel...', Array, Array)
#13 C:\xampp\htdocs\basic\vendor\yiisoft\yii2-debug\src\Module.php(253): yii\BaseYii::createObject(Array)
#14 C:\xampp\htdocs\basic\vendor\yiisoft\yii2-debug\src\Module.php(225): yii\debug\Module->initPanels()
#15 C:\xampp\htdocs\basic\vendor\yiisoft\yii2\base\BaseObject.php(109): yii\debug\Module->init()
#16 C:\xampp\htdocs\basic\vendor\yiisoft\yii2\base\Module.php(161): yii\base\BaseObject->__construct(Array)
#17 [internal function]: yii\base\Module->__construct('debug', Object(yii\web\Application), Array)
#18 C:\xampp\htdocs\basic\vendor\yiisoft\yii2\di\Container.php(411): ReflectionClass->newInstanceArgs(Array)
#19 C:\xampp\htdocs\basic\vendor\yiisoft\yii2\di\Container.php(170): yii\di\Container->build('yii\\debug\\Modul...', Array, Array)
#20 C:\xampp\htdocs\basic\vendor\yiisoft\yii2\BaseYii.php(365): yii\di\Container->get('yii\\debug\\Modul...', Array, Array)
#21 C:\xampp\htdocs\basic\vendor\yiisoft\yii2\base\Module.php(445): yii\BaseYii::createObject(Array, Array)
#22 C:\xampp\htdocs\basic\vendor\yiisoft\yii2\base\Application.php(313): yii\base\Module->getModule('debug')
#23 C:\xampp\htdocs\basic\vendor\yiisoft\yii2\web\Application.php(69): yii\base\Application->bootstrap()
#24 C:\xampp\htdocs\basic\vendor\yiisoft\yii2\base\Application.php(271): yii\web\Application->bootstrap()
#25 C:\xampp\htdocs\basic\vendor\yiisoft\yii2\base\BaseObject.php(109): yii\base\Application->init()
#26 C:\xampp\htdocs\basic\vendor\yiisoft\yii2\base\Application.php(204): yii\base\BaseObject->__construct(Array)
#27 C:\xampp\htdocs\basic\web\index.php(12): yii\base\Application->__construct(Array)
#28 {main}
2024-07-12 10:35:19 [::1][-][-][info][application] $_GET = []

$_POST = []

$_FILES = []

$_COOKIE = []

$_SERVER = [
    'MIBDIRS' => 'C:/xampp/php/extras/mibs'
    'MYSQL_HOME' => '\\xampp\\mysql\\bin'
    'OPENSSL_CONF' => 'C:/xampp/apache/bin/openssl.cnf'
    'PHP_PEAR_SYSCONF_DIR' => '\\xampp\\php'
    'PHPRC' => '\\xampp\\php'
    'TMP' => '\\xampp\\tmp'
    'HTTP_HOST' => 'localhost:8080'
    'HTTP_CONNECTION' => 'keep-alive'
    'HTTP_SEC_CH_UA' => '\"Not/A)Brand\";v=\"8\", \"Chromium\";v=\"126\", \"Google Chrome\";v=\"126\"'
    'HTTP_SEC_CH_UA_MOBILE' => '?0'
    'HTTP_SEC_CH_UA_PLATFORM' => '\"Windows\"'
    'HTTP_UPGRADE_INSECURE_REQUESTS' => '1'
    'HTTP_USER_AGENT' => 'Mozilla/5.0 (Windows NT 10.0; Win64; x64) AppleWebKit/537.36 (KHTML, like Gecko) Chrome/126.0.0.0 Safari/537.36'
    'HTTP_ACCEPT' => 'text/html,application/xhtml+xml,application/xml;q=0.9,image/avif,image/webp,image/apng,*/*;q=0.8,application/signed-exchange;v=b3;q=0.7'
    'HTTP_SEC_FETCH_SITE' => 'none'
    'HTTP_SEC_FETCH_MODE' => 'navigate'
    'HTTP_SEC_FETCH_USER' => '?1'
    'HTTP_SEC_FETCH_DEST' => 'document'
    'HTTP_ACCEPT_ENCODING' => 'gzip, deflate, br, zstd'
    'HTTP_ACCEPT_LANGUAGE' => 'en-US,en;q=0.9'
    'PATH' => 'C:\\Program Files\\Microsoft\\jdk-17.0.8.101-hotspot\\bin;C:\\Program Files\\Common Files\\Oracle\\Java\\javapath;C:\\windows\\system32;C:\\windows;C:\\windows\\System32\\Wbem;C:\\windows\\System32\\WindowsPowerShell\\v1.0\\;C:\\windows\\System32\\OpenSSH\\;C:\\Program Files (x86)\\NVIDIA Corporation\\PhysX\\Common;C:\\Program Files\\NVIDIA Corporation\\NVIDIA NvDLISR;C:\\WINDOWS\\system32;C:\\WINDOWS;C:\\WINDOWS\\System32\\Wbem;C:\\WINDOWS\\System32\\WindowsPowerShell\\v1.0\\;C:\\WINDOWS\\System32\\OpenSSH\\;C:\\Program Files\\php-8.1.11-Win32-vs16-x64;C:\\xampp\\php;C:\\Program Files\\Go\\bin;C:\\Program Files\\Git\\cmd;C:\\Program Files\\Git\\mingw64\\bin;C:\\Program Files\\Git\\usr\\bin;C:\\Program Files\\nodejs\\;C:\\Users\\User\\AppData\\Local\\Programs\\Python\\Python310\\Scripts\\;C:\\Users\\User\\AppData\\Local\\Programs\\Python\\Python310\\;C:\\Users\\User\\AppData\\Local\\Microsoft\\WindowsApps;C:\\Users\\User\\AppData\\Local\\Programs\\Microsoft VS Code\\bin;C:\\Users\\User\\go\\bin;C:\\Users\\User\\AppData\\Roaming\\npm'
    'SystemRoot' => 'C:\\WINDOWS'
    'COMSPEC' => 'C:\\WINDOWS\\system32\\cmd.exe'
    'PATHEXT' => '.COM;.EXE;.BAT;.CMD;.VBS;.VBE;.JS;.JSE;.WSF;.WSH;.MSC'
    'WINDIR' => 'C:\\WINDOWS'
    'SERVER_SIGNATURE' => '<address>Apache/2.4.58 (Win64) OpenSSL/3.1.3 PHP/8.2.12 Server at localhost Port 8080</address>
'
    'SERVER_SOFTWARE' => 'Apache/2.4.58 (Win64) OpenSSL/3.1.3 PHP/8.2.12'
    'SERVER_NAME' => 'localhost'
    'SERVER_ADDR' => '::1'
    'SERVER_PORT' => '8080'
    'REMOTE_ADDR' => '::1'
    'DOCUMENT_ROOT' => 'C:/xampp/htdocs'
    'REQUEST_SCHEME' => 'http'
    'CONTEXT_PREFIX' => ''
    'CONTEXT_DOCUMENT_ROOT' => 'C:/xampp/htdocs'
    'SERVER_ADMIN' => 'postmaster@localhost'
    'SCRIPT_FILENAME' => 'C:/xampp/htdocs/basic/web/index.php'
    'REMOTE_PORT' => '50605'
    'GATEWAY_INTERFACE' => 'CGI/1.1'
    'SERVER_PROTOCOL' => 'HTTP/1.1'
    'REQUEST_METHOD' => 'GET'
    'QUERY_STRING' => ''
    'REQUEST_URI' => '/basic/web/'
    'SCRIPT_NAME' => '/basic/web/index.php'
    'PHP_SELF' => '/basic/web/index.php'
    'REQUEST_TIME_FLOAT' => 1720773319.0984
    'REQUEST_TIME' => 1720773319
]
2024-07-12 11:18:51 [::1][100][ca2h9sgla6e719lq5eh3km4r7a][error][yii\web\HttpException:404] yii\base\InvalidRouteException: Unable to resolve the request "scrbac". in C:\xampp\htdocs\basic\vendor\yiisoft\yii2\base\Module.php:561
Stack trace:
#0 C:\xampp\htdocs\basic\vendor\yiisoft\yii2\web\Application.php(103): yii\base\Module->runAction('scrbac', Array)
#1 C:\xampp\htdocs\basic\vendor\yiisoft\yii2\base\Application.php(384): yii\web\Application->handleRequest(Object(yii\web\Request))
#2 C:\xampp\htdocs\basic\web\index.php(12): yii\base\Application->run()
#3 {main}

Next yii\web\NotFoundHttpException: Page not found. in C:\xampp\htdocs\basic\vendor\yiisoft\yii2\web\Application.php:115
Stack trace:
#0 C:\xampp\htdocs\basic\vendor\yiisoft\yii2\base\Application.php(384): yii\web\Application->handleRequest(Object(yii\web\Request))
#1 C:\xampp\htdocs\basic\web\index.php(12): yii\base\Application->run()
#2 {main}
2024-07-12 11:18:51 [::1][100][ca2h9sgla6e719lq5eh3km4r7a][info][application] $_GET = [
    'r' => 'scrbac'
]

$_POST = []

$_FILES = []

$_COOKIE = [
    'PHPSESSID' => 'ca2h9sgla6e719lq5eh3km4r7a'
    '_identity' => '520a001bde98fd10d64ccaa204c269c7a18c31c7eb6f11751c1c5e22def23b41a:2:{i:0;s:9:\"_identity\";i:1;s:28:\"[\"100\",\"test100key\",2592000]\";}'
    '_csrf' => '5ef7967b2c85602aac42018a01a007dbe0dca1fa6ff001f74cfac253287502cda:2:{i:0;s:5:\"_csrf\";i:1;s:32:\"8hpi9Xe1tKXfHpqfAN5jcmH8r5O2CWEv\";}'
]

$_SESSION = [
    '__flash' => []
    '__id' => '100'
    '__authKey' => 'test100key'
]

$_SERVER = [
    'MIBDIRS' => 'C:/xampp/php/extras/mibs'
    'MYSQL_HOME' => '\\xampp\\mysql\\bin'
    'OPENSSL_CONF' => 'C:/xampp/apache/bin/openssl.cnf'
    'PHP_PEAR_SYSCONF_DIR' => '\\xampp\\php'
    'PHPRC' => '\\xampp\\php'
    'TMP' => '\\xampp\\tmp'
    'HTTP_HOST' => 'localhost:8080'
    'HTTP_CONNECTION' => 'keep-alive'
    'HTTP_SEC_CH_UA' => '\"Not/A)Brand\";v=\"8\", \"Chromium\";v=\"126\", \"Google Chrome\";v=\"126\"'
    'HTTP_SEC_CH_UA_MOBILE' => '?0'
    'HTTP_SEC_CH_UA_PLATFORM' => '\"Windows\"'
    'HTTP_UPGRADE_INSECURE_REQUESTS' => '1'
    'HTTP_USER_AGENT' => 'Mozilla/5.0 (Windows NT 10.0; Win64; x64) AppleWebKit/537.36 (KHTML, like Gecko) Chrome/126.0.0.0 Safari/537.36'
    'HTTP_ACCEPT' => 'text/html,application/xhtml+xml,application/xml;q=0.9,image/avif,image/webp,image/apng,*/*;q=0.8,application/signed-exchange;v=b3;q=0.7'
    'HTTP_SEC_FETCH_SITE' => 'none'
    'HTTP_SEC_FETCH_MODE' => 'navigate'
    'HTTP_SEC_FETCH_USER' => '?1'
    'HTTP_SEC_FETCH_DEST' => 'document'
    'HTTP_ACCEPT_ENCODING' => 'gzip, deflate, br, zstd'
    'HTTP_ACCEPT_LANGUAGE' => 'en-US,en;q=0.9'
    'HTTP_COOKIE' => 'PHPSESSID=ca2h9sgla6e719lq5eh3km4r7a; _identity=520a001bde98fd10d64ccaa204c269c7a18c31c7eb6f11751c1c5e22def23b41a%3A2%3A%7Bi%3A0%3Bs%3A9%3A%22_identity%22%3Bi%3A1%3Bs%3A28%3A%22%5B%22100%22%2C%22test100key%22%2C2592000%5D%22%3B%7D; _csrf=5ef7967b2c85602aac42018a01a007dbe0dca1fa6ff001f74cfac253287502cda%3A2%3A%7Bi%3A0%3Bs%3A5%3A%22_csrf%22%3Bi%3A1%3Bs%3A32%3A%228hpi9Xe1tKXfHpqfAN5jcmH8r5O2CWEv%22%3B%7D'
    'PATH' => 'C:\\Program Files\\Microsoft\\jdk-17.0.8.101-hotspot\\bin;C:\\Program Files\\Common Files\\Oracle\\Java\\javapath;C:\\windows\\system32;C:\\windows;C:\\windows\\System32\\Wbem;C:\\windows\\System32\\WindowsPowerShell\\v1.0\\;C:\\windows\\System32\\OpenSSH\\;C:\\Program Files (x86)\\NVIDIA Corporation\\PhysX\\Common;C:\\Program Files\\NVIDIA Corporation\\NVIDIA NvDLISR;C:\\WINDOWS\\system32;C:\\WINDOWS;C:\\WINDOWS\\System32\\Wbem;C:\\WINDOWS\\System32\\WindowsPowerShell\\v1.0\\;C:\\WINDOWS\\System32\\OpenSSH\\;C:\\Program Files\\php-8.1.11-Win32-vs16-x64;C:\\xampp\\php;C:\\Program Files\\Go\\bin;C:\\Program Files\\Git\\cmd;C:\\Program Files\\Git\\mingw64\\bin;C:\\Program Files\\Git\\usr\\bin;C:\\Program Files\\nodejs\\;C:\\Users\\User\\AppData\\Local\\Programs\\Python\\Python310\\Scripts\\;C:\\Users\\User\\AppData\\Local\\Programs\\Python\\Python310\\;C:\\Users\\User\\AppData\\Local\\Microsoft\\WindowsApps;C:\\Users\\User\\AppData\\Local\\Programs\\Microsoft VS Code\\bin;C:\\Users\\User\\go\\bin;C:\\Users\\User\\AppData\\Roaming\\npm'
    'SystemRoot' => 'C:\\WINDOWS'
    'COMSPEC' => 'C:\\WINDOWS\\system32\\cmd.exe'
    'PATHEXT' => '.COM;.EXE;.BAT;.CMD;.VBS;.VBE;.JS;.JSE;.WSF;.WSH;.MSC'
    'WINDIR' => 'C:\\WINDOWS'
    'SERVER_SIGNATURE' => '<address>Apache/2.4.58 (Win64) OpenSSL/3.1.3 PHP/8.2.12 Server at localhost Port 8080</address>
'
    'SERVER_SOFTWARE' => 'Apache/2.4.58 (Win64) OpenSSL/3.1.3 PHP/8.2.12'
    'SERVER_NAME' => 'localhost'
    'SERVER_ADDR' => '::1'
    'SERVER_PORT' => '8080'
    'REMOTE_ADDR' => '::1'
    'DOCUMENT_ROOT' => 'C:/xampp/htdocs'
    'REQUEST_SCHEME' => 'http'
    'CONTEXT_PREFIX' => ''
    'CONTEXT_DOCUMENT_ROOT' => 'C:/xampp/htdocs'
    'SERVER_ADMIN' => 'postmaster@localhost'
    'SCRIPT_FILENAME' => 'C:/xampp/htdocs/basic/web/index.php'
    'REMOTE_PORT' => '51817'
    'GATEWAY_INTERFACE' => 'CGI/1.1'
    'SERVER_PROTOCOL' => 'HTTP/1.1'
    'REQUEST_METHOD' => 'GET'
    'QUERY_STRING' => 'r=scrbac'
    'REQUEST_URI' => '/basic/web/index.php?r=scrbac'
    'SCRIPT_NAME' => '/basic/web/index.php'
    'PHP_SELF' => '/basic/web/index.php'
    'REQUEST_TIME_FLOAT' => 1720775931.7347
    'REQUEST_TIME' => 1720775931
]
2024-07-12 11:19:26 [::1][100][ca2h9sgla6e719lq5eh3km4r7a][error][yii\web\HttpException:404] yii\base\InvalidRouteException: Unable to resolve the request "klinik". in C:\xampp\htdocs\basic\vendor\yiisoft\yii2\base\Module.php:561
Stack trace:
#0 C:\xampp\htdocs\basic\vendor\yiisoft\yii2\web\Application.php(103): yii\base\Module->runAction('klinik', Array)
#1 C:\xampp\htdocs\basic\vendor\yiisoft\yii2\base\Application.php(384): yii\web\Application->handleRequest(Object(yii\web\Request))
#2 C:\xampp\htdocs\basic\web\index.php(12): yii\base\Application->run()
#3 {main}

Next yii\web\NotFoundHttpException: Page not found. in C:\xampp\htdocs\basic\vendor\yiisoft\yii2\web\Application.php:115
Stack trace:
#0 C:\xampp\htdocs\basic\vendor\yiisoft\yii2\base\Application.php(384): yii\web\Application->handleRequest(Object(yii\web\Request))
#1 C:\xampp\htdocs\basic\web\index.php(12): yii\base\Application->run()
#2 {main}
2024-07-12 11:19:26 [::1][100][ca2h9sgla6e719lq5eh3km4r7a][info][application] $_GET = [
    'r' => 'klinik'
]

$_POST = []

$_FILES = []

$_COOKIE = [
    'PHPSESSID' => 'ca2h9sgla6e719lq5eh3km4r7a'
    '_identity' => '520a001bde98fd10d64ccaa204c269c7a18c31c7eb6f11751c1c5e22def23b41a:2:{i:0;s:9:\"_identity\";i:1;s:28:\"[\"100\",\"test100key\",2592000]\";}'
    '_csrf' => '5ef7967b2c85602aac42018a01a007dbe0dca1fa6ff001f74cfac253287502cda:2:{i:0;s:5:\"_csrf\";i:1;s:32:\"8hpi9Xe1tKXfHpqfAN5jcmH8r5O2CWEv\";}'
]

$_SESSION = [
    '__flash' => []
    '__id' => '100'
    '__authKey' => 'test100key'
]

$_SERVER = [
    'MIBDIRS' => 'C:/xampp/php/extras/mibs'
    'MYSQL_HOME' => '\\xampp\\mysql\\bin'
    'OPENSSL_CONF' => 'C:/xampp/apache/bin/openssl.cnf'
    'PHP_PEAR_SYSCONF_DIR' => '\\xampp\\php'
    'PHPRC' => '\\xampp\\php'
    'TMP' => '\\xampp\\tmp'
    'HTTP_HOST' => 'localhost:8080'
    'HTTP_CONNECTION' => 'keep-alive'
    'HTTP_SEC_CH_UA' => '\"Not/A)Brand\";v=\"8\", \"Chromium\";v=\"126\", \"Google Chrome\";v=\"126\"'
    'HTTP_SEC_CH_UA_MOBILE' => '?0'
    'HTTP_SEC_CH_UA_PLATFORM' => '\"Windows\"'
    'HTTP_UPGRADE_INSECURE_REQUESTS' => '1'
    'HTTP_USER_AGENT' => 'Mozilla/5.0 (Windows NT 10.0; Win64; x64) AppleWebKit/537.36 (KHTML, like Gecko) Chrome/126.0.0.0 Safari/537.36'
    'HTTP_ACCEPT' => 'text/html,application/xhtml+xml,application/xml;q=0.9,image/avif,image/webp,image/apng,*/*;q=0.8,application/signed-exchange;v=b3;q=0.7'
    'HTTP_SEC_FETCH_SITE' => 'none'
    'HTTP_SEC_FETCH_MODE' => 'navigate'
    'HTTP_SEC_FETCH_USER' => '?1'
    'HTTP_SEC_FETCH_DEST' => 'document'
    'HTTP_ACCEPT_ENCODING' => 'gzip, deflate, br, zstd'
    'HTTP_ACCEPT_LANGUAGE' => 'en-US,en;q=0.9'
    'HTTP_COOKIE' => 'PHPSESSID=ca2h9sgla6e719lq5eh3km4r7a; _identity=520a001bde98fd10d64ccaa204c269c7a18c31c7eb6f11751c1c5e22def23b41a%3A2%3A%7Bi%3A0%3Bs%3A9%3A%22_identity%22%3Bi%3A1%3Bs%3A28%3A%22%5B%22100%22%2C%22test100key%22%2C2592000%5D%22%3B%7D; _csrf=5ef7967b2c85602aac42018a01a007dbe0dca1fa6ff001f74cfac253287502cda%3A2%3A%7Bi%3A0%3Bs%3A5%3A%22_csrf%22%3Bi%3A1%3Bs%3A32%3A%228hpi9Xe1tKXfHpqfAN5jcmH8r5O2CWEv%22%3B%7D'
    'PATH' => 'C:\\Program Files\\Microsoft\\jdk-17.0.8.101-hotspot\\bin;C:\\Program Files\\Common Files\\Oracle\\Java\\javapath;C:\\windows\\system32;C:\\windows;C:\\windows\\System32\\Wbem;C:\\windows\\System32\\WindowsPowerShell\\v1.0\\;C:\\windows\\System32\\OpenSSH\\;C:\\Program Files (x86)\\NVIDIA Corporation\\PhysX\\Common;C:\\Program Files\\NVIDIA Corporation\\NVIDIA NvDLISR;C:\\WINDOWS\\system32;C:\\WINDOWS;C:\\WINDOWS\\System32\\Wbem;C:\\WINDOWS\\System32\\WindowsPowerShell\\v1.0\\;C:\\WINDOWS\\System32\\OpenSSH\\;C:\\Program Files\\php-8.1.11-Win32-vs16-x64;C:\\xampp\\php;C:\\Program Files\\Go\\bin;C:\\Program Files\\Git\\cmd;C:\\Program Files\\Git\\mingw64\\bin;C:\\Program Files\\Git\\usr\\bin;C:\\Program Files\\nodejs\\;C:\\Users\\User\\AppData\\Local\\Programs\\Python\\Python310\\Scripts\\;C:\\Users\\User\\AppData\\Local\\Programs\\Python\\Python310\\;C:\\Users\\User\\AppData\\Local\\Microsoft\\WindowsApps;C:\\Users\\User\\AppData\\Local\\Programs\\Microsoft VS Code\\bin;C:\\Users\\User\\go\\bin;C:\\Users\\User\\AppData\\Roaming\\npm'
    'SystemRoot' => 'C:\\WINDOWS'
    'COMSPEC' => 'C:\\WINDOWS\\system32\\cmd.exe'
    'PATHEXT' => '.COM;.EXE;.BAT;.CMD;.VBS;.VBE;.JS;.JSE;.WSF;.WSH;.MSC'
    'WINDIR' => 'C:\\WINDOWS'
    'SERVER_SIGNATURE' => '<address>Apache/2.4.58 (Win64) OpenSSL/3.1.3 PHP/8.2.12 Server at localhost Port 8080</address>
'
    'SERVER_SOFTWARE' => 'Apache/2.4.58 (Win64) OpenSSL/3.1.3 PHP/8.2.12'
    'SERVER_NAME' => 'localhost'
    'SERVER_ADDR' => '::1'
    'SERVER_PORT' => '8080'
    'REMOTE_ADDR' => '::1'
    'DOCUMENT_ROOT' => 'C:/xampp/htdocs'
    'REQUEST_SCHEME' => 'http'
    'CONTEXT_PREFIX' => ''
    'CONTEXT_DOCUMENT_ROOT' => 'C:/xampp/htdocs'
    'SERVER_ADMIN' => 'postmaster@localhost'
    'SCRIPT_FILENAME' => 'C:/xampp/htdocs/basic/web/index.php'
    'REMOTE_PORT' => '51838'
    'GATEWAY_INTERFACE' => 'CGI/1.1'
    'SERVER_PROTOCOL' => 'HTTP/1.1'
    'REQUEST_METHOD' => 'GET'
    'QUERY_STRING' => 'r=klinik'
    'REQUEST_URI' => '/basic/web/index.php?r=klinik'
    'SCRIPT_NAME' => '/basic/web/index.php'
    'PHP_SELF' => '/basic/web/index.php'
    'REQUEST_TIME_FLOAT' => 1720775966.6239
    'REQUEST_TIME' => 1720775966
]
2024-07-12 11:19:31 [::1][100][ca2h9sgla6e719lq5eh3km4r7a][error][yii\web\HttpException:404] yii\base\InvalidRouteException: Unable to resolve the request "db". in C:\xampp\htdocs\basic\vendor\yiisoft\yii2\base\Module.php:561
Stack trace:
#0 C:\xampp\htdocs\basic\vendor\yiisoft\yii2\web\Application.php(103): yii\base\Module->runAction('db', Array)
#1 C:\xampp\htdocs\basic\vendor\yiisoft\yii2\base\Application.php(384): yii\web\Application->handleRequest(Object(yii\web\Request))
#2 C:\xampp\htdocs\basic\web\index.php(12): yii\base\Application->run()
#3 {main}

Next yii\web\NotFoundHttpException: Page not found. in C:\xampp\htdocs\basic\vendor\yiisoft\yii2\web\Application.php:115
Stack trace:
#0 C:\xampp\htdocs\basic\vendor\yiisoft\yii2\base\Application.php(384): yii\web\Application->handleRequest(Object(yii\web\Request))
#1 C:\xampp\htdocs\basic\web\index.php(12): yii\base\Application->run()
#2 {main}
2024-07-12 11:19:31 [::1][100][ca2h9sgla6e719lq5eh3km4r7a][info][application] $_GET = [
    'r' => 'db'
]

$_POST = []

$_FILES = []

$_COOKIE = [
    'PHPSESSID' => 'ca2h9sgla6e719lq5eh3km4r7a'
    '_identity' => '520a001bde98fd10d64ccaa204c269c7a18c31c7eb6f11751c1c5e22def23b41a:2:{i:0;s:9:\"_identity\";i:1;s:28:\"[\"100\",\"test100key\",2592000]\";}'
    '_csrf' => '5ef7967b2c85602aac42018a01a007dbe0dca1fa6ff001f74cfac253287502cda:2:{i:0;s:5:\"_csrf\";i:1;s:32:\"8hpi9Xe1tKXfHpqfAN5jcmH8r5O2CWEv\";}'
]

$_SESSION = [
    '__flash' => []
    '__id' => '100'
    '__authKey' => 'test100key'
]

$_SERVER = [
    'MIBDIRS' => 'C:/xampp/php/extras/mibs'
    'MYSQL_HOME' => '\\xampp\\mysql\\bin'
    'OPENSSL_CONF' => 'C:/xampp/apache/bin/openssl.cnf'
    'PHP_PEAR_SYSCONF_DIR' => '\\xampp\\php'
    'PHPRC' => '\\xampp\\php'
    'TMP' => '\\xampp\\tmp'
    'HTTP_HOST' => 'localhost:8080'
    'HTTP_CONNECTION' => 'keep-alive'
    'HTTP_SEC_CH_UA' => '\"Not/A)Brand\";v=\"8\", \"Chromium\";v=\"126\", \"Google Chrome\";v=\"126\"'
    'HTTP_SEC_CH_UA_MOBILE' => '?0'
    'HTTP_SEC_CH_UA_PLATFORM' => '\"Windows\"'
    'HTTP_UPGRADE_INSECURE_REQUESTS' => '1'
    'HTTP_USER_AGENT' => 'Mozilla/5.0 (Windows NT 10.0; Win64; x64) AppleWebKit/537.36 (KHTML, like Gecko) Chrome/126.0.0.0 Safari/537.36'
    'HTTP_ACCEPT' => 'text/html,application/xhtml+xml,application/xml;q=0.9,image/avif,image/webp,image/apng,*/*;q=0.8,application/signed-exchange;v=b3;q=0.7'
    'HTTP_SEC_FETCH_SITE' => 'none'
    'HTTP_SEC_FETCH_MODE' => 'navigate'
    'HTTP_SEC_FETCH_USER' => '?1'
    'HTTP_SEC_FETCH_DEST' => 'document'
    'HTTP_ACCEPT_ENCODING' => 'gzip, deflate, br, zstd'
    'HTTP_ACCEPT_LANGUAGE' => 'en-US,en;q=0.9'
    'HTTP_COOKIE' => 'PHPSESSID=ca2h9sgla6e719lq5eh3km4r7a; _identity=520a001bde98fd10d64ccaa204c269c7a18c31c7eb6f11751c1c5e22def23b41a%3A2%3A%7Bi%3A0%3Bs%3A9%3A%22_identity%22%3Bi%3A1%3Bs%3A28%3A%22%5B%22100%22%2C%22test100key%22%2C2592000%5D%22%3B%7D; _csrf=5ef7967b2c85602aac42018a01a007dbe0dca1fa6ff001f74cfac253287502cda%3A2%3A%7Bi%3A0%3Bs%3A5%3A%22_csrf%22%3Bi%3A1%3Bs%3A32%3A%228hpi9Xe1tKXfHpqfAN5jcmH8r5O2CWEv%22%3B%7D'
    'PATH' => 'C:\\Program Files\\Microsoft\\jdk-17.0.8.101-hotspot\\bin;C:\\Program Files\\Common Files\\Oracle\\Java\\javapath;C:\\windows\\system32;C:\\windows;C:\\windows\\System32\\Wbem;C:\\windows\\System32\\WindowsPowerShell\\v1.0\\;C:\\windows\\System32\\OpenSSH\\;C:\\Program Files (x86)\\NVIDIA Corporation\\PhysX\\Common;C:\\Program Files\\NVIDIA Corporation\\NVIDIA NvDLISR;C:\\WINDOWS\\system32;C:\\WINDOWS;C:\\WINDOWS\\System32\\Wbem;C:\\WINDOWS\\System32\\WindowsPowerShell\\v1.0\\;C:\\WINDOWS\\System32\\OpenSSH\\;C:\\Program Files\\php-8.1.11-Win32-vs16-x64;C:\\xampp\\php;C:\\Program Files\\Go\\bin;C:\\Program Files\\Git\\cmd;C:\\Program Files\\Git\\mingw64\\bin;C:\\Program Files\\Git\\usr\\bin;C:\\Program Files\\nodejs\\;C:\\Users\\User\\AppData\\Local\\Programs\\Python\\Python310\\Scripts\\;C:\\Users\\User\\AppData\\Local\\Programs\\Python\\Python310\\;C:\\Users\\User\\AppData\\Local\\Microsoft\\WindowsApps;C:\\Users\\User\\AppData\\Local\\Programs\\Microsoft VS Code\\bin;C:\\Users\\User\\go\\bin;C:\\Users\\User\\AppData\\Roaming\\npm'
    'SystemRoot' => 'C:\\WINDOWS'
    'COMSPEC' => 'C:\\WINDOWS\\system32\\cmd.exe'
    'PATHEXT' => '.COM;.EXE;.BAT;.CMD;.VBS;.VBE;.JS;.JSE;.WSF;.WSH;.MSC'
    'WINDIR' => 'C:\\WINDOWS'
    'SERVER_SIGNATURE' => '<address>Apache/2.4.58 (Win64) OpenSSL/3.1.3 PHP/8.2.12 Server at localhost Port 8080</address>
'
    'SERVER_SOFTWARE' => 'Apache/2.4.58 (Win64) OpenSSL/3.1.3 PHP/8.2.12'
    'SERVER_NAME' => 'localhost'
    'SERVER_ADDR' => '::1'
    'SERVER_PORT' => '8080'
    'REMOTE_ADDR' => '::1'
    'DOCUMENT_ROOT' => 'C:/xampp/htdocs'
    'REQUEST_SCHEME' => 'http'
    'CONTEXT_PREFIX' => ''
    'CONTEXT_DOCUMENT_ROOT' => 'C:/xampp/htdocs'
    'SERVER_ADMIN' => 'postmaster@localhost'
    'SCRIPT_FILENAME' => 'C:/xampp/htdocs/basic/web/index.php'
    'REMOTE_PORT' => '51841'
    'GATEWAY_INTERFACE' => 'CGI/1.1'
    'SERVER_PROTOCOL' => 'HTTP/1.1'
    'REQUEST_METHOD' => 'GET'
    'QUERY_STRING' => 'r=db'
    'REQUEST_URI' => '/basic/web/index.php?r=db'
    'SCRIPT_NAME' => '/basic/web/index.php'
    'PHP_SELF' => '/basic/web/index.php'
    'REQUEST_TIME_FLOAT' => 1720775971.6114
    'REQUEST_TIME' => 1720775971
]
2024-07-12 11:44:42 [::1][-][ca2h9sgla6e719lq5eh3km4r7a][error][Error] Error: Class "app\models\TblUsers" not found in C:\xampp\htdocs\basic\models\User.php:38
Stack trace:
#0 C:\xampp\htdocs\basic\vendor\yiisoft\yii2\web\User.php(699): app\models\User::findIdentity('100')
#1 C:\xampp\htdocs\basic\vendor\yiisoft\yii2\web\User.php(199): yii\web\User->renewAuthStatus()
#2 C:\xampp\htdocs\basic\vendor\yiisoft\yii2\web\User.php(367): yii\web\User->getIdentity()
#3 C:\xampp\htdocs\basic\vendor\yiisoft\yii2\base\Component.php(139): yii\web\User->getIsGuest()
#4 C:\xampp\htdocs\basic\vendor\yiisoft\yii2-debug\src\panels\UserPanel.php(83): yii\base\Component->__get('isGuest')
#5 C:\xampp\htdocs\basic\vendor\yiisoft\yii2\base\BaseObject.php(109): yii\debug\panels\UserPanel->init()
#6 [internal function]: yii\base\BaseObject->__construct(Array)
#7 C:\xampp\htdocs\basic\vendor\yiisoft\yii2\di\Container.php(419): ReflectionClass->newInstanceArgs(Array)
#8 C:\xampp\htdocs\basic\vendor\yiisoft\yii2\di\Container.php(170): yii\di\Container->build('yii\\debug\\panel...', Array, Array)
#9 C:\xampp\htdocs\basic\vendor\yiisoft\yii2\BaseYii.php(365): yii\di\Container->get('yii\\debug\\panel...', Array, Array)
#10 C:\xampp\htdocs\basic\vendor\yiisoft\yii2-debug\src\Module.php(253): yii\BaseYii::createObject(Array)
#11 C:\xampp\htdocs\basic\vendor\yiisoft\yii2-debug\src\Module.php(225): yii\debug\Module->initPanels()
#12 C:\xampp\htdocs\basic\vendor\yiisoft\yii2\base\BaseObject.php(109): yii\debug\Module->init()
#13 C:\xampp\htdocs\basic\vendor\yiisoft\yii2\base\Module.php(161): yii\base\BaseObject->__construct(Array)
#14 [internal function]: yii\base\Module->__construct('debug', Object(yii\web\Application), Array)
#15 C:\xampp\htdocs\basic\vendor\yiisoft\yii2\di\Container.php(411): ReflectionClass->newInstanceArgs(Array)
#16 C:\xampp\htdocs\basic\vendor\yiisoft\yii2\di\Container.php(170): yii\di\Container->build('yii\\debug\\Modul...', Array, Array)
#17 C:\xampp\htdocs\basic\vendor\yiisoft\yii2\BaseYii.php(365): yii\di\Container->get('yii\\debug\\Modul...', Array, Array)
#18 C:\xampp\htdocs\basic\vendor\yiisoft\yii2\base\Module.php(445): yii\BaseYii::createObject(Array, Array)
#19 C:\xampp\htdocs\basic\vendor\yiisoft\yii2\base\Application.php(313): yii\base\Module->getModule('debug')
#20 C:\xampp\htdocs\basic\vendor\yiisoft\yii2\web\Application.php(69): yii\base\Application->bootstrap()
#21 C:\xampp\htdocs\basic\vendor\yiisoft\yii2\base\Application.php(271): yii\web\Application->bootstrap()
#22 C:\xampp\htdocs\basic\vendor\yiisoft\yii2\base\BaseObject.php(109): yii\base\Application->init()
#23 C:\xampp\htdocs\basic\vendor\yiisoft\yii2\base\Application.php(204): yii\base\BaseObject->__construct(Array)
#24 C:\xampp\htdocs\basic\web\index.php(12): yii\base\Application->__construct(Array)
#25 {main}
2024-07-12 11:44:42 [::1][-][ca2h9sgla6e719lq5eh3km4r7a][info][application] $_GET = []

$_POST = []

$_FILES = []

$_COOKIE = [
    'PHPSESSID' => 'ca2h9sgla6e719lq5eh3km4r7a'
    '_identity' => '520a001bde98fd10d64ccaa204c269c7a18c31c7eb6f11751c1c5e22def23b41a:2:{i:0;s:9:\"_identity\";i:1;s:28:\"[\"100\",\"test100key\",2592000]\";}'
    '_csrf' => '5ef7967b2c85602aac42018a01a007dbe0dca1fa6ff001f74cfac253287502cda:2:{i:0;s:5:\"_csrf\";i:1;s:32:\"8hpi9Xe1tKXfHpqfAN5jcmH8r5O2CWEv\";}'
]

$_SESSION = [
    '__flash' => []
    '__id' => '100'
    '__authKey' => 'test100key'
]

$_SERVER = [
    'MIBDIRS' => 'C:/xampp/php/extras/mibs'
    'MYSQL_HOME' => '\\xampp\\mysql\\bin'
    'OPENSSL_CONF' => 'C:/xampp/apache/bin/openssl.cnf'
    'PHP_PEAR_SYSCONF_DIR' => '\\xampp\\php'
    'PHPRC' => '\\xampp\\php'
    'TMP' => '\\xampp\\tmp'
    'HTTP_HOST' => 'localhost:8080'
    'HTTP_CONNECTION' => 'keep-alive'
    'HTTP_SEC_CH_UA' => '\"Not/A)Brand\";v=\"8\", \"Chromium\";v=\"126\", \"Google Chrome\";v=\"126\"'
    'HTTP_SEC_CH_UA_MOBILE' => '?0'
    'HTTP_SEC_CH_UA_PLATFORM' => '\"Windows\"'
    'HTTP_UPGRADE_INSECURE_REQUESTS' => '1'
    'HTTP_USER_AGENT' => 'Mozilla/5.0 (Windows NT 10.0; Win64; x64) AppleWebKit/537.36 (KHTML, like Gecko) Chrome/126.0.0.0 Safari/537.36'
    'HTTP_ACCEPT' => 'text/html,application/xhtml+xml,application/xml;q=0.9,image/avif,image/webp,image/apng,*/*;q=0.8,application/signed-exchange;v=b3;q=0.7'
    'HTTP_SEC_FETCH_SITE' => 'none'
    'HTTP_SEC_FETCH_MODE' => 'navigate'
    'HTTP_SEC_FETCH_USER' => '?1'
    'HTTP_SEC_FETCH_DEST' => 'document'
    'HTTP_ACCEPT_ENCODING' => 'gzip, deflate, br, zstd'
    'HTTP_ACCEPT_LANGUAGE' => 'en-US,en;q=0.9'
    'HTTP_COOKIE' => 'PHPSESSID=ca2h9sgla6e719lq5eh3km4r7a; _identity=520a001bde98fd10d64ccaa204c269c7a18c31c7eb6f11751c1c5e22def23b41a%3A2%3A%7Bi%3A0%3Bs%3A9%3A%22_identity%22%3Bi%3A1%3Bs%3A28%3A%22%5B%22100%22%2C%22test100key%22%2C2592000%5D%22%3B%7D; _csrf=5ef7967b2c85602aac42018a01a007dbe0dca1fa6ff001f74cfac253287502cda%3A2%3A%7Bi%3A0%3Bs%3A5%3A%22_csrf%22%3Bi%3A1%3Bs%3A32%3A%228hpi9Xe1tKXfHpqfAN5jcmH8r5O2CWEv%22%3B%7D'
    'PATH' => 'C:\\Program Files\\Microsoft\\jdk-17.0.8.101-hotspot\\bin;C:\\Program Files\\Common Files\\Oracle\\Java\\javapath;C:\\windows\\system32;C:\\windows;C:\\windows\\System32\\Wbem;C:\\windows\\System32\\WindowsPowerShell\\v1.0\\;C:\\windows\\System32\\OpenSSH\\;C:\\Program Files (x86)\\NVIDIA Corporation\\PhysX\\Common;C:\\Program Files\\NVIDIA Corporation\\NVIDIA NvDLISR;C:\\WINDOWS\\system32;C:\\WINDOWS;C:\\WINDOWS\\System32\\Wbem;C:\\WINDOWS\\System32\\WindowsPowerShell\\v1.0\\;C:\\WINDOWS\\System32\\OpenSSH\\;C:\\Program Files\\php-8.1.11-Win32-vs16-x64;C:\\xampp\\php;C:\\Program Files\\Go\\bin;C:\\Program Files\\Git\\cmd;C:\\Program Files\\Git\\mingw64\\bin;C:\\Program Files\\Git\\usr\\bin;C:\\Program Files\\nodejs\\;C:\\Users\\User\\AppData\\Local\\Programs\\Python\\Python310\\Scripts\\;C:\\Users\\User\\AppData\\Local\\Programs\\Python\\Python310\\;C:\\Users\\User\\AppData\\Local\\Microsoft\\WindowsApps;C:\\Users\\User\\AppData\\Local\\Programs\\Microsoft VS Code\\bin;C:\\Users\\User\\go\\bin;C:\\Users\\User\\AppData\\Roaming\\npm'
    'SystemRoot' => 'C:\\WINDOWS'
    'COMSPEC' => 'C:\\WINDOWS\\system32\\cmd.exe'
    'PATHEXT' => '.COM;.EXE;.BAT;.CMD;.VBS;.VBE;.JS;.JSE;.WSF;.WSH;.MSC'
    'WINDIR' => 'C:\\WINDOWS'
    'SERVER_SIGNATURE' => '<address>Apache/2.4.58 (Win64) OpenSSL/3.1.3 PHP/8.2.12 Server at localhost Port 8080</address>
'
    'SERVER_SOFTWARE' => 'Apache/2.4.58 (Win64) OpenSSL/3.1.3 PHP/8.2.12'
    'SERVER_NAME' => 'localhost'
    'SERVER_ADDR' => '::1'
    'SERVER_PORT' => '8080'
    'REMOTE_ADDR' => '::1'
    'DOCUMENT_ROOT' => 'C:/xampp/htdocs'
    'REQUEST_SCHEME' => 'http'
    'CONTEXT_PREFIX' => ''
    'CONTEXT_DOCUMENT_ROOT' => 'C:/xampp/htdocs'
    'SERVER_ADMIN' => 'postmaster@localhost'
    'SCRIPT_FILENAME' => 'C:/xampp/htdocs/basic/web/index.php'
    'REMOTE_PORT' => '52655'
    'GATEWAY_INTERFACE' => 'CGI/1.1'
    'SERVER_PROTOCOL' => 'HTTP/1.1'
    'REQUEST_METHOD' => 'GET'
    'QUERY_STRING' => ''
    'REQUEST_URI' => '/basic/web/'
    'SCRIPT_NAME' => '/basic/web/index.php'
    'PHP_SELF' => '/basic/web/index.php'
    'REQUEST_TIME_FLOAT' => 1720777482.3718
    'REQUEST_TIME' => 1720777482
]
2024-07-12 11:44:49 [::1][-][ca2h9sgla6e719lq5eh3km4r7a][error][Error] Error: Class "app\models\TblUsers" not found in C:\xampp\htdocs\basic\models\User.php:38
Stack trace:
#0 C:\xampp\htdocs\basic\vendor\yiisoft\yii2\web\User.php(699): app\models\User::findIdentity('100')
#1 C:\xampp\htdocs\basic\vendor\yiisoft\yii2\web\User.php(199): yii\web\User->renewAuthStatus()
#2 C:\xampp\htdocs\basic\vendor\yiisoft\yii2\web\User.php(367): yii\web\User->getIdentity()
#3 C:\xampp\htdocs\basic\vendor\yiisoft\yii2\base\Component.php(139): yii\web\User->getIsGuest()
#4 C:\xampp\htdocs\basic\vendor\yiisoft\yii2-debug\src\panels\UserPanel.php(83): yii\base\Component->__get('isGuest')
#5 C:\xampp\htdocs\basic\vendor\yiisoft\yii2\base\BaseObject.php(109): yii\debug\panels\UserPanel->init()
#6 [internal function]: yii\base\BaseObject->__construct(Array)
#7 C:\xampp\htdocs\basic\vendor\yiisoft\yii2\di\Container.php(419): ReflectionClass->newInstanceArgs(Array)
#8 C:\xampp\htdocs\basic\vendor\yiisoft\yii2\di\Container.php(170): yii\di\Container->build('yii\\debug\\panel...', Array, Array)
#9 C:\xampp\htdocs\basic\vendor\yiisoft\yii2\BaseYii.php(365): yii\di\Container->get('yii\\debug\\panel...', Array, Array)
#10 C:\xampp\htdocs\basic\vendor\yiisoft\yii2-debug\src\Module.php(253): yii\BaseYii::createObject(Array)
#11 C:\xampp\htdocs\basic\vendor\yiisoft\yii2-debug\src\Module.php(225): yii\debug\Module->initPanels()
#12 C:\xampp\htdocs\basic\vendor\yiisoft\yii2\base\BaseObject.php(109): yii\debug\Module->init()
#13 C:\xampp\htdocs\basic\vendor\yiisoft\yii2\base\Module.php(161): yii\base\BaseObject->__construct(Array)
#14 [internal function]: yii\base\Module->__construct('debug', Object(yii\web\Application), Array)
#15 C:\xampp\htdocs\basic\vendor\yiisoft\yii2\di\Container.php(411): ReflectionClass->newInstanceArgs(Array)
#16 C:\xampp\htdocs\basic\vendor\yiisoft\yii2\di\Container.php(170): yii\di\Container->build('yii\\debug\\Modul...', Array, Array)
#17 C:\xampp\htdocs\basic\vendor\yiisoft\yii2\BaseYii.php(365): yii\di\Container->get('yii\\debug\\Modul...', Array, Array)
#18 C:\xampp\htdocs\basic\vendor\yiisoft\yii2\base\Module.php(445): yii\BaseYii::createObject(Array, Array)
#19 C:\xampp\htdocs\basic\vendor\yiisoft\yii2\base\Application.php(313): yii\base\Module->getModule('debug')
#20 C:\xampp\htdocs\basic\vendor\yiisoft\yii2\web\Application.php(69): yii\base\Application->bootstrap()
#21 C:\xampp\htdocs\basic\vendor\yiisoft\yii2\base\Application.php(271): yii\web\Application->bootstrap()
#22 C:\xampp\htdocs\basic\vendor\yiisoft\yii2\base\BaseObject.php(109): yii\base\Application->init()
#23 C:\xampp\htdocs\basic\vendor\yiisoft\yii2\base\Application.php(204): yii\base\BaseObject->__construct(Array)
#24 C:\xampp\htdocs\basic\web\index.php(12): yii\base\Application->__construct(Array)
#25 {main}
2024-07-12 11:44:49 [::1][-][ca2h9sgla6e719lq5eh3km4r7a][info][application] $_GET = [
    'r' => 'gii/default/index'
]

$_POST = []

$_FILES = []

$_COOKIE = [
    'PHPSESSID' => 'ca2h9sgla6e719lq5eh3km4r7a'
    '_identity' => '520a001bde98fd10d64ccaa204c269c7a18c31c7eb6f11751c1c5e22def23b41a:2:{i:0;s:9:\"_identity\";i:1;s:28:\"[\"100\",\"test100key\",2592000]\";}'
    '_csrf' => '5ef7967b2c85602aac42018a01a007dbe0dca1fa6ff001f74cfac253287502cda:2:{i:0;s:5:\"_csrf\";i:1;s:32:\"8hpi9Xe1tKXfHpqfAN5jcmH8r5O2CWEv\";}'
]

$_SESSION = [
    '__flash' => []
    '__id' => '100'
    '__authKey' => 'test100key'
]

$_SERVER = [
    'MIBDIRS' => 'C:/xampp/php/extras/mibs'
    'MYSQL_HOME' => '\\xampp\\mysql\\bin'
    'OPENSSL_CONF' => 'C:/xampp/apache/bin/openssl.cnf'
    'PHP_PEAR_SYSCONF_DIR' => '\\xampp\\php'
    'PHPRC' => '\\xampp\\php'
    'TMP' => '\\xampp\\tmp'
    'HTTP_HOST' => 'localhost:8080'
    'HTTP_CONNECTION' => 'keep-alive'
    'HTTP_SEC_CH_UA' => '\"Not/A)Brand\";v=\"8\", \"Chromium\";v=\"126\", \"Google Chrome\";v=\"126\"'
    'HTTP_SEC_CH_UA_MOBILE' => '?0'
    'HTTP_SEC_CH_UA_PLATFORM' => '\"Windows\"'
    'HTTP_UPGRADE_INSECURE_REQUESTS' => '1'
    'HTTP_USER_AGENT' => 'Mozilla/5.0 (Windows NT 10.0; Win64; x64) AppleWebKit/537.36 (KHTML, like Gecko) Chrome/126.0.0.0 Safari/537.36'
    'HTTP_ACCEPT' => 'text/html,application/xhtml+xml,application/xml;q=0.9,image/avif,image/webp,image/apng,*/*;q=0.8,application/signed-exchange;v=b3;q=0.7'
    'HTTP_SEC_FETCH_SITE' => 'same-origin'
    'HTTP_SEC_FETCH_MODE' => 'navigate'
    'HTTP_SEC_FETCH_USER' => '?1'
    'HTTP_SEC_FETCH_DEST' => 'document'
    'HTTP_REFERER' => 'http://localhost:8080/basic/web/index.php?r=gii%2Fdefault%2Fview&id=crud'
    'HTTP_ACCEPT_ENCODING' => 'gzip, deflate, br, zstd'
    'HTTP_ACCEPT_LANGUAGE' => 'en-US,en;q=0.9'
    'HTTP_COOKIE' => 'PHPSESSID=ca2h9sgla6e719lq5eh3km4r7a; _identity=520a001bde98fd10d64ccaa204c269c7a18c31c7eb6f11751c1c5e22def23b41a%3A2%3A%7Bi%3A0%3Bs%3A9%3A%22_identity%22%3Bi%3A1%3Bs%3A28%3A%22%5B%22100%22%2C%22test100key%22%2C2592000%5D%22%3B%7D; _csrf=5ef7967b2c85602aac42018a01a007dbe0dca1fa6ff001f74cfac253287502cda%3A2%3A%7Bi%3A0%3Bs%3A5%3A%22_csrf%22%3Bi%3A1%3Bs%3A32%3A%228hpi9Xe1tKXfHpqfAN5jcmH8r5O2CWEv%22%3B%7D'
    'PATH' => 'C:\\Program Files\\Microsoft\\jdk-17.0.8.101-hotspot\\bin;C:\\Program Files\\Common Files\\Oracle\\Java\\javapath;C:\\windows\\system32;C:\\windows;C:\\windows\\System32\\Wbem;C:\\windows\\System32\\WindowsPowerShell\\v1.0\\;C:\\windows\\System32\\OpenSSH\\;C:\\Program Files (x86)\\NVIDIA Corporation\\PhysX\\Common;C:\\Program Files\\NVIDIA Corporation\\NVIDIA NvDLISR;C:\\WINDOWS\\system32;C:\\WINDOWS;C:\\WINDOWS\\System32\\Wbem;C:\\WINDOWS\\System32\\WindowsPowerShell\\v1.0\\;C:\\WINDOWS\\System32\\OpenSSH\\;C:\\Program Files\\php-8.1.11-Win32-vs16-x64;C:\\xampp\\php;C:\\Program Files\\Go\\bin;C:\\Program Files\\Git\\cmd;C:\\Program Files\\Git\\mingw64\\bin;C:\\Program Files\\Git\\usr\\bin;C:\\Program Files\\nodejs\\;C:\\Users\\User\\AppData\\Local\\Programs\\Python\\Python310\\Scripts\\;C:\\Users\\User\\AppData\\Local\\Programs\\Python\\Python310\\;C:\\Users\\User\\AppData\\Local\\Microsoft\\WindowsApps;C:\\Users\\User\\AppData\\Local\\Programs\\Microsoft VS Code\\bin;C:\\Users\\User\\go\\bin;C:\\Users\\User\\AppData\\Roaming\\npm'
    'SystemRoot' => 'C:\\WINDOWS'
    'COMSPEC' => 'C:\\WINDOWS\\system32\\cmd.exe'
    'PATHEXT' => '.COM;.EXE;.BAT;.CMD;.VBS;.VBE;.JS;.JSE;.WSF;.WSH;.MSC'
    'WINDIR' => 'C:\\WINDOWS'
    'SERVER_SIGNATURE' => '<address>Apache/2.4.58 (Win64) OpenSSL/3.1.3 PHP/8.2.12 Server at localhost Port 8080</address>
'
    'SERVER_SOFTWARE' => 'Apache/2.4.58 (Win64) OpenSSL/3.1.3 PHP/8.2.12'
    'SERVER_NAME' => 'localhost'
    'SERVER_ADDR' => '::1'
    'SERVER_PORT' => '8080'
    'REMOTE_ADDR' => '::1'
    'DOCUMENT_ROOT' => 'C:/xampp/htdocs'
    'REQUEST_SCHEME' => 'http'
    'CONTEXT_PREFIX' => ''
    'CONTEXT_DOCUMENT_ROOT' => 'C:/xampp/htdocs'
    'SERVER_ADMIN' => 'postmaster@localhost'
    'SCRIPT_FILENAME' => 'C:/xampp/htdocs/basic/web/index.php'
    'REMOTE_PORT' => '52659'
    'GATEWAY_INTERFACE' => 'CGI/1.1'
    'SERVER_PROTOCOL' => 'HTTP/1.1'
    'REQUEST_METHOD' => 'GET'
    'QUERY_STRING' => 'r=gii%2Fdefault%2Findex'
    'REQUEST_URI' => '/basic/web/index.php?r=gii%2Fdefault%2Findex'
    'SCRIPT_NAME' => '/basic/web/index.php'
    'PHP_SELF' => '/basic/web/index.php'
    'REQUEST_TIME_FLOAT' => 1720777489.0629
    'REQUEST_TIME' => 1720777489
]
2024-07-12 11:45:07 [::1][-][ca2h9sgla6e719lq5eh3km4r7a][error][Error] Error: Class "app\models\TblUsers" not found in C:\xampp\htdocs\basic\models\User.php:38
Stack trace:
#0 C:\xampp\htdocs\basic\vendor\yiisoft\yii2\web\User.php(699): app\models\User::findIdentity('100')
#1 C:\xampp\htdocs\basic\vendor\yiisoft\yii2\web\User.php(199): yii\web\User->renewAuthStatus()
#2 C:\xampp\htdocs\basic\vendor\yiisoft\yii2\web\User.php(367): yii\web\User->getIdentity()
#3 C:\xampp\htdocs\basic\vendor\yiisoft\yii2\base\Component.php(139): yii\web\User->getIsGuest()
#4 C:\xampp\htdocs\basic\vendor\yiisoft\yii2-debug\src\panels\UserPanel.php(83): yii\base\Component->__get('isGuest')
#5 C:\xampp\htdocs\basic\vendor\yiisoft\yii2\base\BaseObject.php(109): yii\debug\panels\UserPanel->init()
#6 [internal function]: yii\base\BaseObject->__construct(Array)
#7 C:\xampp\htdocs\basic\vendor\yiisoft\yii2\di\Container.php(419): ReflectionClass->newInstanceArgs(Array)
#8 C:\xampp\htdocs\basic\vendor\yiisoft\yii2\di\Container.php(170): yii\di\Container->build('yii\\debug\\panel...', Array, Array)
#9 C:\xampp\htdocs\basic\vendor\yiisoft\yii2\BaseYii.php(365): yii\di\Container->get('yii\\debug\\panel...', Array, Array)
#10 C:\xampp\htdocs\basic\vendor\yiisoft\yii2-debug\src\Module.php(253): yii\BaseYii::createObject(Array)
#11 C:\xampp\htdocs\basic\vendor\yiisoft\yii2-debug\src\Module.php(225): yii\debug\Module->initPanels()
#12 C:\xampp\htdocs\basic\vendor\yiisoft\yii2\base\BaseObject.php(109): yii\debug\Module->init()
#13 C:\xampp\htdocs\basic\vendor\yiisoft\yii2\base\Module.php(161): yii\base\BaseObject->__construct(Array)
#14 [internal function]: yii\base\Module->__construct('debug', Object(yii\web\Application), Array)
#15 C:\xampp\htdocs\basic\vendor\yiisoft\yii2\di\Container.php(411): ReflectionClass->newInstanceArgs(Array)
#16 C:\xampp\htdocs\basic\vendor\yiisoft\yii2\di\Container.php(170): yii\di\Container->build('yii\\debug\\Modul...', Array, Array)
#17 C:\xampp\htdocs\basic\vendor\yiisoft\yii2\BaseYii.php(365): yii\di\Container->get('yii\\debug\\Modul...', Array, Array)
#18 C:\xampp\htdocs\basic\vendor\yiisoft\yii2\base\Module.php(445): yii\BaseYii::createObject(Array, Array)
#19 C:\xampp\htdocs\basic\vendor\yiisoft\yii2\base\Application.php(313): yii\base\Module->getModule('debug')
#20 C:\xampp\htdocs\basic\vendor\yiisoft\yii2\web\Application.php(69): yii\base\Application->bootstrap()
#21 C:\xampp\htdocs\basic\vendor\yiisoft\yii2\base\Application.php(271): yii\web\Application->bootstrap()
#22 C:\xampp\htdocs\basic\vendor\yiisoft\yii2\base\BaseObject.php(109): yii\base\Application->init()
#23 C:\xampp\htdocs\basic\vendor\yiisoft\yii2\base\Application.php(204): yii\base\BaseObject->__construct(Array)
#24 C:\xampp\htdocs\basic\web\index.php(12): yii\base\Application->__construct(Array)
#25 {main}
2024-07-12 11:45:07 [::1][-][ca2h9sgla6e719lq5eh3km4r7a][info][application] $_GET = [
    'r' => 'gii'
]

$_POST = []

$_FILES = []

$_COOKIE = [
    'PHPSESSID' => 'ca2h9sgla6e719lq5eh3km4r7a'
    '_identity' => '520a001bde98fd10d64ccaa204c269c7a18c31c7eb6f11751c1c5e22def23b41a:2:{i:0;s:9:\"_identity\";i:1;s:28:\"[\"100\",\"test100key\",2592000]\";}'
    '_csrf' => '5ef7967b2c85602aac42018a01a007dbe0dca1fa6ff001f74cfac253287502cda:2:{i:0;s:5:\"_csrf\";i:1;s:32:\"8hpi9Xe1tKXfHpqfAN5jcmH8r5O2CWEv\";}'
]

$_SESSION = [
    '__flash' => []
    '__id' => '100'
    '__authKey' => 'test100key'
]

$_SERVER = [
    'MIBDIRS' => 'C:/xampp/php/extras/mibs'
    'MYSQL_HOME' => '\\xampp\\mysql\\bin'
    'OPENSSL_CONF' => 'C:/xampp/apache/bin/openssl.cnf'
    'PHP_PEAR_SYSCONF_DIR' => '\\xampp\\php'
    'PHPRC' => '\\xampp\\php'
    'TMP' => '\\xampp\\tmp'
    'HTTP_HOST' => 'localhost:8080'
    'HTTP_CONNECTION' => 'keep-alive'
    'HTTP_SEC_CH_UA' => '\"Not/A)Brand\";v=\"8\", \"Chromium\";v=\"126\", \"Google Chrome\";v=\"126\"'
    'HTTP_SEC_CH_UA_MOBILE' => '?0'
    'HTTP_SEC_CH_UA_PLATFORM' => '\"Windows\"'
    'HTTP_UPGRADE_INSECURE_REQUESTS' => '1'
    'HTTP_USER_AGENT' => 'Mozilla/5.0 (Windows NT 10.0; Win64; x64) AppleWebKit/537.36 (KHTML, like Gecko) Chrome/126.0.0.0 Safari/537.36'
    'HTTP_ACCEPT' => 'text/html,application/xhtml+xml,application/xml;q=0.9,image/avif,image/webp,image/apng,*/*;q=0.8,application/signed-exchange;v=b3;q=0.7'
    'HTTP_SEC_FETCH_SITE' => 'none'
    'HTTP_SEC_FETCH_MODE' => 'navigate'
    'HTTP_SEC_FETCH_USER' => '?1'
    'HTTP_SEC_FETCH_DEST' => 'document'
    'HTTP_ACCEPT_ENCODING' => 'gzip, deflate, br, zstd'
    'HTTP_ACCEPT_LANGUAGE' => 'en-US,en;q=0.9'
    'HTTP_COOKIE' => 'PHPSESSID=ca2h9sgla6e719lq5eh3km4r7a; _identity=520a001bde98fd10d64ccaa204c269c7a18c31c7eb6f11751c1c5e22def23b41a%3A2%3A%7Bi%3A0%3Bs%3A9%3A%22_identity%22%3Bi%3A1%3Bs%3A28%3A%22%5B%22100%22%2C%22test100key%22%2C2592000%5D%22%3B%7D; _csrf=5ef7967b2c85602aac42018a01a007dbe0dca1fa6ff001f74cfac253287502cda%3A2%3A%7Bi%3A0%3Bs%3A5%3A%22_csrf%22%3Bi%3A1%3Bs%3A32%3A%228hpi9Xe1tKXfHpqfAN5jcmH8r5O2CWEv%22%3B%7D'
    'PATH' => 'C:\\Program Files\\Microsoft\\jdk-17.0.8.101-hotspot\\bin;C:\\Program Files\\Common Files\\Oracle\\Java\\javapath;C:\\windows\\system32;C:\\windows;C:\\windows\\System32\\Wbem;C:\\windows\\System32\\WindowsPowerShell\\v1.0\\;C:\\windows\\System32\\OpenSSH\\;C:\\Program Files (x86)\\NVIDIA Corporation\\PhysX\\Common;C:\\Program Files\\NVIDIA Corporation\\NVIDIA NvDLISR;C:\\WINDOWS\\system32;C:\\WINDOWS;C:\\WINDOWS\\System32\\Wbem;C:\\WINDOWS\\System32\\WindowsPowerShell\\v1.0\\;C:\\WINDOWS\\System32\\OpenSSH\\;C:\\Program Files\\php-8.1.11-Win32-vs16-x64;C:\\xampp\\php;C:\\Program Files\\Go\\bin;C:\\Program Files\\Git\\cmd;C:\\Program Files\\Git\\mingw64\\bin;C:\\Program Files\\Git\\usr\\bin;C:\\Program Files\\nodejs\\;C:\\Users\\User\\AppData\\Local\\Programs\\Python\\Python310\\Scripts\\;C:\\Users\\User\\AppData\\Local\\Programs\\Python\\Python310\\;C:\\Users\\User\\AppData\\Local\\Microsoft\\WindowsApps;C:\\Users\\User\\AppData\\Local\\Programs\\Microsoft VS Code\\bin;C:\\Users\\User\\go\\bin;C:\\Users\\User\\AppData\\Roaming\\npm'
    'SystemRoot' => 'C:\\WINDOWS'
    'COMSPEC' => 'C:\\WINDOWS\\system32\\cmd.exe'
    'PATHEXT' => '.COM;.EXE;.BAT;.CMD;.VBS;.VBE;.JS;.JSE;.WSF;.WSH;.MSC'
    'WINDIR' => 'C:\\WINDOWS'
    'SERVER_SIGNATURE' => '<address>Apache/2.4.58 (Win64) OpenSSL/3.1.3 PHP/8.2.12 Server at localhost Port 8080</address>
'
    'SERVER_SOFTWARE' => 'Apache/2.4.58 (Win64) OpenSSL/3.1.3 PHP/8.2.12'
    'SERVER_NAME' => 'localhost'
    'SERVER_ADDR' => '::1'
    'SERVER_PORT' => '8080'
    'REMOTE_ADDR' => '::1'
    'DOCUMENT_ROOT' => 'C:/xampp/htdocs'
    'REQUEST_SCHEME' => 'http'
    'CONTEXT_PREFIX' => ''
    'CONTEXT_DOCUMENT_ROOT' => 'C:/xampp/htdocs'
    'SERVER_ADMIN' => 'postmaster@localhost'
    'SCRIPT_FILENAME' => 'C:/xampp/htdocs/basic/web/index.php'
    'REMOTE_PORT' => '52667'
    'GATEWAY_INTERFACE' => 'CGI/1.1'
    'SERVER_PROTOCOL' => 'HTTP/1.1'
    'REQUEST_METHOD' => 'GET'
    'QUERY_STRING' => 'r=gii'
    'REQUEST_URI' => '/basic/web/index.php?r=gii'
    'SCRIPT_NAME' => '/basic/web/index.php'
    'PHP_SELF' => '/basic/web/index.php'
    'REQUEST_TIME_FLOAT' => 1720777507.2973
    'REQUEST_TIME' => 1720777507
]
2024-07-12 11:45:10 [::1][-][ca2h9sgla6e719lq5eh3km4r7a][error][Error] Error: Class "app\models\TblUsers" not found in C:\xampp\htdocs\basic\models\User.php:38
Stack trace:
#0 C:\xampp\htdocs\basic\vendor\yiisoft\yii2\web\User.php(699): app\models\User::findIdentity('100')
#1 C:\xampp\htdocs\basic\vendor\yiisoft\yii2\web\User.php(199): yii\web\User->renewAuthStatus()
#2 C:\xampp\htdocs\basic\vendor\yiisoft\yii2\web\User.php(367): yii\web\User->getIdentity()
#3 C:\xampp\htdocs\basic\vendor\yiisoft\yii2\base\Component.php(139): yii\web\User->getIsGuest()
#4 C:\xampp\htdocs\basic\vendor\yiisoft\yii2-debug\src\panels\UserPanel.php(83): yii\base\Component->__get('isGuest')
#5 C:\xampp\htdocs\basic\vendor\yiisoft\yii2\base\BaseObject.php(109): yii\debug\panels\UserPanel->init()
#6 [internal function]: yii\base\BaseObject->__construct(Array)
#7 C:\xampp\htdocs\basic\vendor\yiisoft\yii2\di\Container.php(419): ReflectionClass->newInstanceArgs(Array)
#8 C:\xampp\htdocs\basic\vendor\yiisoft\yii2\di\Container.php(170): yii\di\Container->build('yii\\debug\\panel...', Array, Array)
#9 C:\xampp\htdocs\basic\vendor\yiisoft\yii2\BaseYii.php(365): yii\di\Container->get('yii\\debug\\panel...', Array, Array)
#10 C:\xampp\htdocs\basic\vendor\yiisoft\yii2-debug\src\Module.php(253): yii\BaseYii::createObject(Array)
#11 C:\xampp\htdocs\basic\vendor\yiisoft\yii2-debug\src\Module.php(225): yii\debug\Module->initPanels()
#12 C:\xampp\htdocs\basic\vendor\yiisoft\yii2\base\BaseObject.php(109): yii\debug\Module->init()
#13 C:\xampp\htdocs\basic\vendor\yiisoft\yii2\base\Module.php(161): yii\base\BaseObject->__construct(Array)
#14 [internal function]: yii\base\Module->__construct('debug', Object(yii\web\Application), Array)
#15 C:\xampp\htdocs\basic\vendor\yiisoft\yii2\di\Container.php(411): ReflectionClass->newInstanceArgs(Array)
#16 C:\xampp\htdocs\basic\vendor\yiisoft\yii2\di\Container.php(170): yii\di\Container->build('yii\\debug\\Modul...', Array, Array)
#17 C:\xampp\htdocs\basic\vendor\yiisoft\yii2\BaseYii.php(365): yii\di\Container->get('yii\\debug\\Modul...', Array, Array)
#18 C:\xampp\htdocs\basic\vendor\yiisoft\yii2\base\Module.php(445): yii\BaseYii::createObject(Array, Array)
#19 C:\xampp\htdocs\basic\vendor\yiisoft\yii2\base\Application.php(313): yii\base\Module->getModule('debug')
#20 C:\xampp\htdocs\basic\vendor\yiisoft\yii2\web\Application.php(69): yii\base\Application->bootstrap()
#21 C:\xampp\htdocs\basic\vendor\yiisoft\yii2\base\Application.php(271): yii\web\Application->bootstrap()
#22 C:\xampp\htdocs\basic\vendor\yiisoft\yii2\base\BaseObject.php(109): yii\base\Application->init()
#23 C:\xampp\htdocs\basic\vendor\yiisoft\yii2\base\Application.php(204): yii\base\BaseObject->__construct(Array)
#24 C:\xampp\htdocs\basic\web\index.php(12): yii\base\Application->__construct(Array)
#25 {main}
2024-07-12 11:45:10 [::1][-][ca2h9sgla6e719lq5eh3km4r7a][info][application] $_GET = []

$_POST = []

$_FILES = []

$_COOKIE = [
    'PHPSESSID' => 'ca2h9sgla6e719lq5eh3km4r7a'
    '_identity' => '520a001bde98fd10d64ccaa204c269c7a18c31c7eb6f11751c1c5e22def23b41a:2:{i:0;s:9:\"_identity\";i:1;s:28:\"[\"100\",\"test100key\",2592000]\";}'
    '_csrf' => '5ef7967b2c85602aac42018a01a007dbe0dca1fa6ff001f74cfac253287502cda:2:{i:0;s:5:\"_csrf\";i:1;s:32:\"8hpi9Xe1tKXfHpqfAN5jcmH8r5O2CWEv\";}'
]

$_SESSION = [
    '__flash' => []
    '__id' => '100'
    '__authKey' => 'test100key'
]

$_SERVER = [
    'MIBDIRS' => 'C:/xampp/php/extras/mibs'
    'MYSQL_HOME' => '\\xampp\\mysql\\bin'
    'OPENSSL_CONF' => 'C:/xampp/apache/bin/openssl.cnf'
    'PHP_PEAR_SYSCONF_DIR' => '\\xampp\\php'
    'PHPRC' => '\\xampp\\php'
    'TMP' => '\\xampp\\tmp'
    'HTTP_HOST' => 'localhost:8080'
    'HTTP_CONNECTION' => 'keep-alive'
    'HTTP_SEC_CH_UA' => '\"Not/A)Brand\";v=\"8\", \"Chromium\";v=\"126\", \"Google Chrome\";v=\"126\"'
    'HTTP_SEC_CH_UA_MOBILE' => '?0'
    'HTTP_SEC_CH_UA_PLATFORM' => '\"Windows\"'
    'HTTP_UPGRADE_INSECURE_REQUESTS' => '1'
    'HTTP_USER_AGENT' => 'Mozilla/5.0 (Windows NT 10.0; Win64; x64) AppleWebKit/537.36 (KHTML, like Gecko) Chrome/126.0.0.0 Safari/537.36'
    'HTTP_ACCEPT' => 'text/html,application/xhtml+xml,application/xml;q=0.9,image/avif,image/webp,image/apng,*/*;q=0.8,application/signed-exchange;v=b3;q=0.7'
    'HTTP_SEC_FETCH_SITE' => 'none'
    'HTTP_SEC_FETCH_MODE' => 'navigate'
    'HTTP_SEC_FETCH_USER' => '?1'
    'HTTP_SEC_FETCH_DEST' => 'document'
    'HTTP_ACCEPT_ENCODING' => 'gzip, deflate, br, zstd'
    'HTTP_ACCEPT_LANGUAGE' => 'en-US,en;q=0.9'
    'HTTP_COOKIE' => 'PHPSESSID=ca2h9sgla6e719lq5eh3km4r7a; _identity=520a001bde98fd10d64ccaa204c269c7a18c31c7eb6f11751c1c5e22def23b41a%3A2%3A%7Bi%3A0%3Bs%3A9%3A%22_identity%22%3Bi%3A1%3Bs%3A28%3A%22%5B%22100%22%2C%22test100key%22%2C2592000%5D%22%3B%7D; _csrf=5ef7967b2c85602aac42018a01a007dbe0dca1fa6ff001f74cfac253287502cda%3A2%3A%7Bi%3A0%3Bs%3A5%3A%22_csrf%22%3Bi%3A1%3Bs%3A32%3A%228hpi9Xe1tKXfHpqfAN5jcmH8r5O2CWEv%22%3B%7D'
    'PATH' => 'C:\\Program Files\\Microsoft\\jdk-17.0.8.101-hotspot\\bin;C:\\Program Files\\Common Files\\Oracle\\Java\\javapath;C:\\windows\\system32;C:\\windows;C:\\windows\\System32\\Wbem;C:\\windows\\System32\\WindowsPowerShell\\v1.0\\;C:\\windows\\System32\\OpenSSH\\;C:\\Program Files (x86)\\NVIDIA Corporation\\PhysX\\Common;C:\\Program Files\\NVIDIA Corporation\\NVIDIA NvDLISR;C:\\WINDOWS\\system32;C:\\WINDOWS;C:\\WINDOWS\\System32\\Wbem;C:\\WINDOWS\\System32\\WindowsPowerShell\\v1.0\\;C:\\WINDOWS\\System32\\OpenSSH\\;C:\\Program Files\\php-8.1.11-Win32-vs16-x64;C:\\xampp\\php;C:\\Program Files\\Go\\bin;C:\\Program Files\\Git\\cmd;C:\\Program Files\\Git\\mingw64\\bin;C:\\Program Files\\Git\\usr\\bin;C:\\Program Files\\nodejs\\;C:\\Users\\User\\AppData\\Local\\Programs\\Python\\Python310\\Scripts\\;C:\\Users\\User\\AppData\\Local\\Programs\\Python\\Python310\\;C:\\Users\\User\\AppData\\Local\\Microsoft\\WindowsApps;C:\\Users\\User\\AppData\\Local\\Programs\\Microsoft VS Code\\bin;C:\\Users\\User\\go\\bin;C:\\Users\\User\\AppData\\Roaming\\npm'
    'SystemRoot' => 'C:\\WINDOWS'
    'COMSPEC' => 'C:\\WINDOWS\\system32\\cmd.exe'
    'PATHEXT' => '.COM;.EXE;.BAT;.CMD;.VBS;.VBE;.JS;.JSE;.WSF;.WSH;.MSC'
    'WINDIR' => 'C:\\WINDOWS'
    'SERVER_SIGNATURE' => '<address>Apache/2.4.58 (Win64) OpenSSL/3.1.3 PHP/8.2.12 Server at localhost Port 8080</address>
'
    'SERVER_SOFTWARE' => 'Apache/2.4.58 (Win64) OpenSSL/3.1.3 PHP/8.2.12'
    'SERVER_NAME' => 'localhost'
    'SERVER_ADDR' => '::1'
    'SERVER_PORT' => '8080'
    'REMOTE_ADDR' => '::1'
    'DOCUMENT_ROOT' => 'C:/xampp/htdocs'
    'REQUEST_SCHEME' => 'http'
    'CONTEXT_PREFIX' => ''
    'CONTEXT_DOCUMENT_ROOT' => 'C:/xampp/htdocs'
    'SERVER_ADMIN' => 'postmaster@localhost'
    'SCRIPT_FILENAME' => 'C:/xampp/htdocs/basic/web/index.php'
    'REMOTE_PORT' => '52668'
    'GATEWAY_INTERFACE' => 'CGI/1.1'
    'SERVER_PROTOCOL' => 'HTTP/1.1'
    'REQUEST_METHOD' => 'GET'
    'QUERY_STRING' => ''
    'REQUEST_URI' => '/basic/web/'
    'SCRIPT_NAME' => '/basic/web/index.php'
    'PHP_SELF' => '/basic/web/index.php'
    'REQUEST_TIME_FLOAT' => 1720777510.0644
    'REQUEST_TIME' => 1720777510
]
